Determining if the pthread_create exist failed with the following output:
Change Dir: //3dRegistration/pcl_info/build/CMakeFiles/CMakeTmp

Run Build Command:"/usr/bin/make" "cmTC_edec7/fast"
/usr/bin/make -f CMakeFiles/cmTC_edec7.dir/build.make CMakeFiles/cmTC_edec7.dir/build
make[1]: Entering directory '/3dRegistration/pcl_info/build/CMakeFiles/CMakeTmp'
Building C object CMakeFiles/cmTC_edec7.dir/CheckSymbolExists.c.o
/usr/bin/cc     -o CMakeFiles/cmTC_edec7.dir/CheckSymbolExists.c.o   -c //3dRegistration/pcl_info/build/CMakeFiles/CMakeTmp/CheckSymbolExists.c
Linking C executable cmTC_edec7
/usr/bin/cmake -E cmake_link_script CMakeFiles/cmTC_edec7.dir/link.txt --verbose=1
/usr/bin/cc       CMakeFiles/cmTC_edec7.dir/CheckSymbolExists.c.o  -o cmTC_edec7 -rdynamic 
CMakeFiles/cmTC_edec7.dir/CheckSymbolExists.c.o: In function `main':
CheckSymbolExists.c:(.text+0x16): undefined reference to `pthread_create'
collect2: error: ld returned 1 exit status
CMakeFiles/cmTC_edec7.dir/build.make:97: recipe for target 'cmTC_edec7' failed
make[1]: *** [cmTC_edec7] Error 1
make[1]: Leaving directory '/3dRegistration/pcl_info/build/CMakeFiles/CMakeTmp'
Makefile:126: recipe for target 'cmTC_edec7/fast' failed
make: *** [cmTC_edec7/fast] Error 2

File //3dRegistration/pcl_info/build/CMakeFiles/CMakeTmp/CheckSymbolExists.c:
/* */
#include <pthread.h>

int main(int argc, char** argv)
{
  (void)argv;
#ifndef pthread_create
  return ((int*)(&pthread_create))[argc];
#else
  (void)argc;
  return 0;
#endif
}

Determining if the function pthread_create exists in the pthreads failed with the following output:
Change Dir: //3dRegistration/pcl_info/build/CMakeFiles/CMakeTmp

Run Build Command:"/usr/bin/make" "cmTC_47064/fast"
/usr/bin/make -f CMakeFiles/cmTC_47064.dir/build.make CMakeFiles/cmTC_47064.dir/build
make[1]: Entering directory '/3dRegistration/pcl_info/build/CMakeFiles/CMakeTmp'
Building C object CMakeFiles/cmTC_47064.dir/CheckFunctionExists.c.o
/usr/bin/cc    -DCHECK_FUNCTION_EXISTS=pthread_create   -o CMakeFiles/cmTC_47064.dir/CheckFunctionExists.c.o   -c /usr/share/cmake-3.5/Modules/CheckFunctionExists.c
Linking C executable cmTC_47064
/usr/bin/cmake -E cmake_link_script CMakeFiles/cmTC_47064.dir/link.txt --verbose=1
/usr/bin/cc   -DCHECK_FUNCTION_EXISTS=pthread_create    CMakeFiles/cmTC_47064.dir/CheckFunctionExists.c.o  -o cmTC_47064 -rdynamic -lpthreads 
/usr/bin/ld: cannot find -lpthreads
collect2: error: ld returned 1 exit status
CMakeFiles/cmTC_47064.dir/build.make:97: recipe for target 'cmTC_47064' failed
make[1]: *** [cmTC_47064] Error 1
make[1]: Leaving directory '/3dRegistration/pcl_info/build/CMakeFiles/CMakeTmp'
Makefile:126: recipe for target 'cmTC_47064/fast' failed
make: *** [cmTC_47064/fast] Error 2


